#
# There is insufficient memory for the Java Runtime Environment to continue.
# Native memory allocation (malloc) failed to allocate 1811136 bytes for Chunk::new
# Possible reasons:
#   The system is out of physical RAM or swap space
#   In 32 bit mode, the process size limit was hit
# Possible solutions:
#   Reduce memory load on the system
#   Increase physical memory or swap space
#   Check if swap backing store is full
#   Use 64 bit Java on a 64 bit OS
#   Decrease Java heap size (-Xmx/-Xms)
#   Decrease number of Java threads
#   Decrease Java thread stack sizes (-Xss)
#   Set larger code cache with -XX:ReservedCodeCacheSize=
# This output file may be truncated or incomplete.
#
#  Out of Memory Error (allocation.cpp:390), pid=5580, tid=3300
#
# JRE version: Java(TM) SE Runtime Environment (8.0_77-b03) (build 1.8.0_77-b03)
# Java VM: Java HotSpot(TM) 64-Bit Server VM (25.77-b03 mixed mode windows-amd64 compressed oops)
# Failed to write core dump. Minidumps are not enabled by default on client versions of Windows
#

---------------  T H R E A D  ---------------

Current thread (0x000000001670a800):  JavaThread "C2 CompilerThread1" daemon [_thread_in_native, id=3300, stack(0x0000000016ed0000,0x0000000016fd0000)]

Stack: [0x0000000016ed0000,0x0000000016fd0000]
[error occurred during error reporting (printing stack bounds), id 0xc0000005]

Native frames: (J=compiled Java code, j=interpreted, Vv=VM code, C=native code)


Current CompileTask:
C2:5204287 13785       4       org.gradle.model.internal.registry.ModelGraph::maybeNotify (59 bytes)


---------------  P R O C E S S  ---------------

Java Threads: ( => current thread )
  0x0000000019dfd000 JavaThread "Stdin handler" [_thread_blocked, id=9276, stack(0x00000000199b0000,0x0000000019ab0000)]
  0x0000000019dfc800 JavaThread "Cancel handler" [_thread_blocked, id=10176, stack(0x0000000019420000,0x0000000019520000)]
  0x0000000019e07000 JavaThread "Handler for socket connection from /127.0.0.1:53324 to /127.0.0.1:56704" [_thread_in_native, id=8720, stack(0x00000000198a0000,0x00000000199a0000)]
  0x0000000019dff800 JavaThread "Daemon worker Thread 3" [_thread_in_native, id=3896, stack(0x0000000019750000,0x0000000019850000)]
  0x0000000019dfb800 JavaThread "Daemon Thread 3" [_thread_blocked, id=5900, stack(0x0000000018f40000,0x0000000019040000)]
  0x0000000019d70000 JavaThread "File lock request listener" [_thread_in_native, id=7416, stack(0x0000000019610000,0x0000000019710000)]
  0x0000000018048000 JavaThread "Incoming local TCP Connector on port 53324" [_thread_in_native, id=6232, stack(0x0000000019090000,0x0000000019190000)]
  0x0000000016795800 JavaThread "Service Thread" daemon [_thread_blocked, id=7224, stack(0x0000000017280000,0x0000000017380000)]
  0x000000001670f800 JavaThread "C1 CompilerThread2" daemon [_thread_blocked, id=7948, stack(0x0000000017100000,0x0000000017200000)]
=>0x000000001670a800 JavaThread "C2 CompilerThread1" daemon [_thread_in_native, id=3300, stack(0x0000000016ed0000,0x0000000016fd0000)]
  0x00000000151bd000 JavaThread "C2 CompilerThread0" daemon [_thread_in_native, id=5784, stack(0x0000000016fd0000,0x00000000170d0000)]
  0x00000000151bb800 JavaThread "Attach Listener" daemon [_thread_blocked, id=7328, stack(0x0000000016da0000,0x0000000016ea0000)]
  0x00000000166f8800 JavaThread "Signal Dispatcher" daemon [_thread_blocked, id=3648, stack(0x0000000016c30000,0x0000000016d30000)]
  0x000000001519a000 JavaThread "Finalizer" daemon [_thread_blocked, id=7804, stack(0x00000000165f0000,0x00000000166f0000)]
  0x0000000015153000 JavaThread "Reference Handler" daemon [_thread_blocked, id=8156, stack(0x0000000016450000,0x0000000016550000)]
  0x0000000002558000 JavaThread "main" [_thread_blocked, id=8164, stack(0x0000000002670000,0x0000000002770000)]

Other Threads:
  0x000000001514b000 VMThread [stack: 0x0000000016200000,0x0000000016300000] [id=3288]
  0x00000000167df800 WatcherThread [stack: 0x0000000017480000,0x0000000017580000] [id=7336]

VM state:not at safepoint (normal execution)

VM Mutex/Monitor currently owned by a thread: None

Heap:
 PSYoungGen      total 305152K, used 203818K [0x00000000eab00000, 0x00000000ff980000, 0x0000000100000000)
  eden space 285184K, 71% used [0x00000000eab00000,0x00000000f720aad0,0x00000000fc180000)
  from space 19968K, 0% used [0x00000000fe000000,0x00000000fe000000,0x00000000ff380000)
  to   space 28672K, 0% used [0x00000000fc180000,0x00000000fc180000,0x00000000fdd80000)
 ParOldGen       total 70656K, used 56754K [0x00000000c0000000, 0x00000000c4500000, 0x00000000eab00000)
  object space 70656K, 80% used [0x00000000c0000000,0x00000000c376cbc8,0x00000000c4500000)
 Metaspace       used 63092K, capacity 66328K, committed 66560K, reserved 1105920K
  class space    used 8371K, capacity 9009K, committed 9216K, reserved 1048576K

Card table byte_map: [0x0000000011c70000,0x0000000011e80000] byte_map_base: 0x0000000011670000

Marking Bits: (ParMarkBitMap*) 0x00000000522c0600
 Begin Bits: [0x00000000125c0000, 0x00000000135c0000)
 End Bits:   [0x00000000135c0000, 0x00000000145c0000)

Polling page: 0x0000000000130000

CodeCache: size=245760Kb used=39521Kb max_used=39536Kb free=206238Kb
 bounds [0x00000000028b0000, 0x0000000004f90000, 0x00000000118b0000]
 total_blobs=11712 nmethods=10955 adapters=667
 compilation: enabled

Compilation events (10 events):
Event: 5203.773 Thread 0x000000001670f800 13884       3       org.apache.tools.zip.ZipFile$BoundedInputStream::addDummy (6 bytes)
Event: 5203.773 Thread 0x000000001670f800 nmethod 13884 0x0000000004f77a50 code [0x0000000004f77ba0, 0x0000000004f77cf0]
Event: 5203.777 Thread 0x000000001670a800 nmethod 13855 0x0000000004f7c610 code [0x0000000004f7c8a0, 0x0000000004f7e4a8]
Event: 5203.777 Thread 0x000000001670a800 13796  s    4       java.util.Stack::peek (25 bytes)
Event: 5203.780 Thread 0x000000001670a800 nmethod 13796 0x0000000004f79210 code [0x0000000004f79360, 0x0000000004f795f8]
Event: 5203.780 Thread 0x000000001670a800 13860       4       java.io.RandomAccessFile::seek (22 bytes)
Event: 5203.781 Thread 0x000000001670a800 nmethod 13860 0x0000000004f55c10 code [0x0000000004f55d60, 0x0000000004f55e08]
Event: 5203.781 Thread 0x000000001670a800 13859       4       java.util.TimeZone::getDefaultRef (32 bytes)
Event: 5203.782 Thread 0x000000001670a800 nmethod 13859 0x000000000429de10 code [0x000000000429df40, 0x000000000429df98]
Event: 5203.782 Thread 0x000000001670a800 13785       4       org.gradle.model.internal.registry.ModelGraph::maybeNotify (59 bytes)

GC Heap History (10 events):
Event: 3449.924 GC heap before
{Heap before GC invocations=21 (full 4):
 PSYoungGen      total 321536K, used 11141K [0x00000000eab00000, 0x0000000100000000, 0x0000000100000000)
  eden space 294912K, 0% used [0x00000000eab00000,0x00000000eab00000,0x00000000fcb00000)
  from space 26624K, 41% used [0x00000000fcb00000,0x00000000fd5e17a0,0x00000000fe500000)
  to   space 25088K, 0% used [0x00000000fe780000,0x00000000fe780000,0x0000000100000000)
 ParOldGen       total 70656K, used 52703K [0x00000000c0000000, 0x00000000c4500000, 0x00000000eab00000)
  object space 70656K, 74% used [0x00000000c0000000,0x00000000c3377c10,0x00000000c4500000)
 Metaspace       used 55971K, capacity 58044K, committed 58368K, reserved 1099776K
  class space    used 7528K, capacity 8066K, committed 8192K, reserved 1048576K
Event: 3450.566 GC heap after
Heap after GC invocations=21 (full 4):
 PSYoungGen      total 321536K, used 0K [0x00000000eab00000, 0x0000000100000000, 0x0000000100000000)
  eden space 294912K, 0% used [0x00000000eab00000,0x00000000eab00000,0x00000000fcb00000)
  from space 26624K, 0% used [0x00000000fcb00000,0x00000000fcb00000,0x00000000fe500000)
  to   space 25088K, 0% used [0x00000000fe780000,0x00000000fe780000,0x0000000100000000)
 ParOldGen       total 70656K, used 45851K [0x00000000c0000000, 0x00000000c4500000, 0x00000000eab00000)
  object space 70656K, 64% used [0x00000000c0000000,0x00000000c2cc6f40,0x00000000c4500000)
 Metaspace       used 55309K, capacity 57122K, committed 58368K, reserved 1099776K
  class space    used 7405K, capacity 7873K, committed 8192K, reserved 1048576K
}
Event: 3512.903 GC heap before
{Heap before GC invocations=22 (full 4):
 PSYoungGen      total 321536K, used 294912K [0x00000000eab00000, 0x0000000100000000, 0x0000000100000000)
  eden space 294912K, 100% used [0x00000000eab00000,0x00000000fcb00000,0x00000000fcb00000)
  from space 26624K, 0% used [0x00000000fcb00000,0x00000000fcb00000,0x00000000fe500000)
  to   space 25088K, 0% used [0x00000000fe780000,0x00000000fe780000,0x0000000100000000)
 ParOldGen       total 70656K, used 45851K [0x00000000c0000000, 0x00000000c4500000, 0x00000000eab00000)
  object space 70656K, 64% used [0x00000000c0000000,0x00000000c2cc6f40,0x00000000c4500000)
 Metaspace       used 56239K, capacity 58514K, committed 58880K, reserved 1099776K
  class space    used 7514K, capacity 8016K, committed 8192K, reserved 1048576K
Event: 3512.943 GC heap after
Heap after GC invocations=22 (full 4):
 PSYoungGen      total 318976K, used 11293K [0x00000000eab00000, 0x00000000ffc80000, 0x0000000100000000)
  eden space 297472K, 0% used [0x00000000eab00000,0x00000000eab00000,0x00000000fcd80000)
  from space 21504K, 52% used [0x00000000fe780000,0x00000000ff287700,0x00000000ffc80000)
  to   space 24064K, 0% used [0x00000000fcd80000,0x00000000fcd80000,0x00000000fe500000)
 ParOldGen       total 70656K, used 45859K [0x00000000c0000000, 0x00000000c4500000, 0x00000000eab00000)
  object space 70656K, 64% used [0x00000000c0000000,0x00000000c2cc8f40,0x00000000c4500000)
 Metaspace       used 56239K, capacity 58514K, committed 58880K, reserved 1099776K
  class space    used 7514K, capacity 8016K, committed 8192K, reserved 1048576K
}
Event: 5189.188 GC heap before
{Heap before GC invocations=23 (full 4):
 PSYoungGen      total 318976K, used 308765K [0x00000000eab00000, 0x00000000ffc80000, 0x0000000100000000)
  eden space 297472K, 100% used [0x00000000eab00000,0x00000000fcd80000,0x00000000fcd80000)
  from space 21504K, 52% used [0x00000000fe780000,0x00000000ff287700,0x00000000ffc80000)
  to   space 24064K, 0% used [0x00000000fcd80000,0x00000000fcd80000,0x00000000fe500000)
 ParOldGen       total 70656K, used 45859K [0x00000000c0000000, 0x00000000c4500000, 0x00000000eab00000)
  object space 70656K, 64% used [0x00000000c0000000,0x00000000c2cc8f40,0x00000000c4500000)
 Metaspace       used 62442K, capacity 65140K, committed 65280K, reserved 1105920K
  class space    used 8317K, capacity 8934K, committed 8960K, reserved 1048576K
Event: 5189.455 GC heap after
Heap after GC invocations=23 (full 4):
 PSYoungGen      total 304128K, used 18786K [0x00000000eab00000, 0x00000000ff380000, 0x0000000100000000)
  eden space 285184K, 0% used [0x00000000eab00000,0x00000000eab00000,0x00000000fc180000)
  from space 18944K, 99% used [0x00000000fcd80000,0x00000000fdfd88e8,0x00000000fe000000)
  to   space 19968K, 0% used [0x00000000fe000000,0x00000000fe000000,0x00000000ff380000)
 ParOldGen       total 70656K, used 45867K [0x00000000c0000000, 0x00000000c4500000, 0x00000000eab00000)
  object space 70656K, 64% used [0x00000000c0000000,0x00000000c2ccaf40,0x00000000c4500000)
 Metaspace       used 62442K, capacity 65140K, committed 65280K, reserved 1105920K
  class space    used 8317K, capacity 8934K, committed 8960K, reserved 1048576K
}
Event: 5195.153 GC heap before
{Heap before GC invocations=24 (full 4):
 PSYoungGen      total 304128K, used 257583K [0x00000000eab00000, 0x00000000ff380000, 0x0000000100000000)
  eden space 285184K, 83% used [0x00000000eab00000,0x00000000f9433658,0x00000000fc180000)
  from space 18944K, 99% used [0x00000000fcd80000,0x00000000fdfd88e8,0x00000000fe000000)
  to   space 19968K, 0% used [0x00000000fe000000,0x00000000fe000000,0x00000000ff380000)
 ParOldGen       total 70656K, used 45867K [0x00000000c0000000, 0x00000000c4500000, 0x00000000eab00000)
  object space 70656K, 64% used [0x00000000c0000000,0x00000000c2ccaf40,0x00000000c4500000)
 Metaspace       used 63187K, capacity 66270K, committed 66432K, reserved 1105920K
  class space    used 8406K, capacity 9071K, committed 9088K, reserved 1048576K
Event: 5195.192 GC heap after
Heap after GC invocations=24 (full 4):
 PSYoungGen      total 305152K, used 19946K [0x00000000eab00000, 0x00000000ff980000, 0x0000000100000000)
  eden space 285184K, 0% used [0x00000000eab00000,0x00000000eab00000,0x00000000fc180000)
  from space 19968K, 99% used [0x00000000fe000000,0x00000000ff37a9c0,0x00000000ff380000)
  to   space 28672K, 0% used [0x00000000fc180000,0x00000000fc180000,0x00000000fdd80000)
 ParOldGen       total 70656K, used 50133K [0x00000000c0000000, 0x00000000c4500000, 0x00000000eab00000)
  object space 70656K, 70% used [0x00000000c0000000,0x00000000c30f5570,0x00000000c4500000)
 Metaspace       used 63187K, capacity 66270K, committed 66432K, reserved 1105920K
  class space    used 8406K, capacity 9071K, committed 9088K, reserved 1048576K
}
Event: 5195.192 GC heap before
{Heap before GC invocations=25 (full 5):
 PSYoungGen      total 305152K, used 19946K [0x00000000eab00000, 0x00000000ff980000, 0x0000000100000000)
  eden space 285184K, 0% used [0x00000000eab00000,0x00000000eab00000,0x00000000fc180000)
  from space 19968K, 99% used [0x00000000fe000000,0x00000000ff37a9c0,0x00000000ff380000)
  to   space 28672K, 0% used [0x00000000fc180000,0x00000000fc180000,0x00000000fdd80000)
 ParOldGen       total 70656K, used 50133K [0x00000000c0000000, 0x00000000c4500000, 0x00000000eab00000)
  object space 70656K, 70% used [0x00000000c0000000,0x00000000c30f5570,0x00000000c4500000)
 Metaspace       used 63187K, capacity 66270K, committed 66432K, reserved 1105920K
  class space    used 8406K, capacity 9071K, committed 9088K, reserved 1048576K
Event: 5195.853 GC heap after
Heap after GC invocations=25 (full 5):
 PSYoungGen      total 305152K, used 0K [0x00000000eab00000, 0x00000000ff980000, 0x0000000100000000)
  eden space 285184K, 0% used [0x00000000eab00000,0x00000000eab00000,0x00000000fc180000)
  from space 19968K, 0% used [0x00000000fe000000,0x00000000fe000000,0x00000000ff380000)
  to   space 28672K, 0% used [0x00000000fc180000,0x00000000fc180000,0x00000000fdd80000)
 ParOldGen       total 70656K, used 56754K [0x00000000c0000000, 0x00000000c4500000, 0x00000000eab00000)
  object space 70656K, 80% used [0x00000000c0000000,0x00000000c376cbc8,0x00000000c4500000)
 Metaspace       used 62528K, capacity 65306K, committed 66432K, reserved 1105920K
  class space    used 8299K, capacity 8888K, committed 9088K, reserved 1048576K
}

Deoptimization events (10 events):
Event: 5194.768 Thread 0x0000000019dff800 Uncommon trap: reason=null_check action=make_not_entrant pc=0x0000000004954808 method=java.beans.PropertyDescriptor.findPropertyType(Ljava/lang/reflect/Method;Ljava/lang/reflect/Method;)Ljava/lang/Class; @ 157
Event: 5195.867 Thread 0x0000000019dfb800 Uncommon trap: reason=class_check action=maybe_recompile pc=0x0000000002ffa388 method=java.lang.reflect.Array.newInstance(Ljava/lang/Class;I)Ljava/lang/Object; @ 2
Event: 5195.874 Thread 0x0000000019dfb800 Uncommon trap: reason=class_check action=maybe_recompile pc=0x0000000002ffa388 method=java.lang.reflect.Array.newInstance(Ljava/lang/Class;I)Ljava/lang/Object; @ 2
Event: 5198.957 Thread 0x0000000019dfb800 Uncommon trap: reason=class_check action=maybe_recompile pc=0x0000000002ffa388 method=java.lang.reflect.Array.newInstance(Ljava/lang/Class;I)Ljava/lang/Object; @ 2
Event: 5198.957 Thread 0x0000000019dfb800 Uncommon trap: reason=class_check action=maybe_recompile pc=0x0000000002ffa388 method=java.lang.reflect.Array.newInstance(Ljava/lang/Class;I)Ljava/lang/Object; @ 2
Event: 5202.624 Thread 0x0000000019dff800 Uncommon trap: reason=array_check action=maybe_recompile pc=0x0000000004e7f6ec method=java.util.LinkedList.toArray([Ljava/lang/Object;)[Ljava/lang/Object; @ 55
Event: 5202.624 Thread 0x0000000019dff800 Uncommon trap: reason=array_check action=maybe_recompile pc=0x0000000004e7f6ec method=java.util.LinkedList.toArray([Ljava/lang/Object;)[Ljava/lang/Object; @ 55
Event: 5202.624 Thread 0x0000000019dff800 Uncommon trap: reason=array_check action=maybe_recompile pc=0x0000000004e7f6ec method=java.util.LinkedList.toArray([Ljava/lang/Object;)[Ljava/lang/Object; @ 55
Event: 5202.624 Thread 0x0000000019dff800 Uncommon trap: reason=array_check action=maybe_recompile pc=0x0000000004e7f6ec method=java.util.LinkedList.toArray([Ljava/lang/Object;)[Ljava/lang/Object; @ 55
Event: 5203.544 Thread 0x0000000019dff800 Uncommon trap: reason=unstable_if action=reinterpret pc=0x000000000406f4c0 method=java.lang.ref.SoftReference.get()Ljava/lang/Object; @ 6

Internal exceptions (10 events):
Event: 5198.846 Thread 0x0000000019e07000 Exception <a 'java/lang/NoSuchMethodError': <clinit>> (0x00000000eaecfec0) thrown at [D:\re\workspace\8-2-build-windows-amd64-cygwin\jdk8u77\6540\hotspot\src\share\vm\prims\jni.cpp, line 1591]
Event: 5198.847 Thread 0x0000000019e07000 Exception <a 'java/lang/NoSuchMethodError': <clinit>> (0x00000000eaed9228) thrown at [D:\re\workspace\8-2-build-windows-amd64-cygwin\jdk8u77\6540\hotspot\src\share\vm\prims\jni.cpp, line 1591]
Event: 5198.848 Thread 0x0000000019e07000 Exception <a 'java/lang/NoSuchMethodError': <clinit>> (0x00000000eaee3838) thrown at [D:\re\workspace\8-2-build-windows-amd64-cygwin\jdk8u77\6540\hotspot\src\share\vm\prims\jni.cpp, line 1591]
Event: 5198.853 Thread 0x0000000019e07000 Exception <a 'java/lang/NoSuchMethodError': <clinit>> (0x00000000eaeefe08) thrown at [D:\re\workspace\8-2-build-windows-amd64-cygwin\jdk8u77\6540\hotspot\src\share\vm\prims\jni.cpp, line 1591]
Event: 5198.889 Thread 0x0000000019e07000 Exception <a 'java/lang/NoSuchMethodError': <clinit>> (0x00000000eaf072f0) thrown at [D:\re\workspace\8-2-build-windows-amd64-cygwin\jdk8u77\6540\hotspot\src\share\vm\prims\jni.cpp, line 1591]
Event: 5198.893 Thread 0x0000000019e07000 Exception <a 'java/lang/NoSuchMethodError': <clinit>> (0x00000000eaf2a4f0) thrown at [D:\re\workspace\8-2-build-windows-amd64-cygwin\jdk8u77\6540\hotspot\src\share\vm\prims\jni.cpp, line 1591]
Event: 5198.895 Thread 0x0000000019e07000 Exception <a 'java/lang/NoSuchMethodError': <clinit>> (0x00000000eaf33998) thrown at [D:\re\workspace\8-2-build-windows-amd64-cygwin\jdk8u77\6540\hotspot\src\share\vm\prims\jni.cpp, line 1591]
Event: 5198.897 Thread 0x0000000019e07000 Exception <a 'java/lang/NoSuchMethodError': <clinit>> (0x00000000eaf54dc8) thrown at [D:\re\workspace\8-2-build-windows-amd64-cygwin\jdk8u77\6540\hotspot\src\share\vm\prims\jni.cpp, line 1591]
Event: 5199.058 Thread 0x0000000019dff800 Exception <a 'java/lang/ClassNotFoundException': asLocalRepo59_130m6hshupqyiiwqtuq2i3aopBeanInfo> (0x00000000eb13ee28) thrown at [D:\re\workspace\8-2-build-windows-amd64-cygwin\jdk8u77\6540\hotspot\src\share\vm\classfile\systemDictionary.cpp, line 210]
Event: 5199.058 Thread 0x0000000019dff800 Exception <a 'java/lang/ClassNotFoundException': asLocalRepo59_130m6hshupqyiiwqtuq2i3aopCustomizer> (0x00000000eb148288) thrown at [D:\re\workspace\8-2-build-windows-amd64-cygwin\jdk8u77\6540\hotspot\src\share\vm\classfile\systemDictionary.cpp, line 210]

Events (10 events):
Event: 5202.976 Executing VM operation: ForceSafepoint done
Event: 5203.078 loading class org/gradle/model/internal/registry/DefaultModelRegistry$1
Event: 5203.078 loading class org/gradle/model/internal/registry/DefaultModelRegistry$1 done
Event: 5203.100 loading class groovy/runtime/metaclass/com/android/build/gradle/internal/tasks/IncrementalTaskMetaClass
Event: 5203.100 loading class groovy/runtime/metaclass/com/android/build/gradle/internal/tasks/IncrementalTaskMetaClass done
Event: 5203.544 Thread 0x0000000019dff800 Uncommon trap: trap_request=0xffffff65 fr.pc=0x000000000406f4c0
Event: 5203.544 Thread 0x0000000019dff800 DEOPT PACKING pc=0x000000000406f4c0 sp=0x000000001984c2c0
Event: 5203.544 Thread 0x0000000019dff800 DEOPT UNPACKING pc=0x00000000028f582a sp=0x000000001984c0e8 mode 2
Event: 5203.544 loading class groovy/runtime/metaclass/com/android/build/gradle/internal/LibraryCache$1MetaClass
Event: 5203.544 loading class groovy/runtime/metaclass/com/android/build/gradle/internal/LibraryCache$1MetaClass done


Dynamic libraries:
0x000000013fe70000 - 0x000000013fea7000 	D:\Work_Software\Java\jdk8_64\bin\java.exe
0x0000000077840000 - 0x00000000779e9000 	C:\Windows\SYSTEM32\ntdll.dll
0x0000000077620000 - 0x000000007773f000 	C:\Windows\system32\kernel32.dll
0x000007fefdaf0000 - 0x000007fefdb5b000 	C:\Windows\system32\KERNELBASE.dll
0x000007fefdd70000 - 0x000007fefde4b000 	C:\Windows\system32\ADVAPI32.dll
0x000007fefef10000 - 0x000007fefefaf000 	C:\Windows\system32\msvcrt.dll
0x000007feff700000 - 0x000007feff71f000 	C:\Windows\SYSTEM32\sechost.dll
0x000007feff4c0000 - 0x000007feff5ed000 	C:\Windows\system32\RPCRT4.dll
0x0000000077740000 - 0x000000007783a000 	C:\Windows\system32\USER32.dll
0x000007feff220000 - 0x000007feff287000 	C:\Windows\system32\GDI32.dll
0x000007fefe0a0000 - 0x000007fefe0ae000 	C:\Windows\system32\LPK.dll
0x000007feffa80000 - 0x000007feffb49000 	C:\Windows\system32\USP10.dll
0x000007fefc1f0000 - 0x000007fefc3e4000 	C:\Windows\WinSxS\amd64_microsoft.windows.common-controls_6595b64144ccf1df_6.0.7601.17514_none_fa396087175ac9ac\COMCTL32.dll
0x000007fefe0e0000 - 0x000007fefe151000 	C:\Windows\system32\SHLWAPI.dll
0x000007fefe0b0000 - 0x000007fefe0de000 	C:\Windows\system32\IMM32.DLL
0x000007feff5f0000 - 0x000007feff6f9000 	C:\Windows\system32\MSCTF.dll
0x00000000753c0000 - 0x0000000075492000 	D:\Work_Software\Java\jdk8_64\jre\bin\msvcr100.dll
0x0000000051ab0000 - 0x0000000052340000 	D:\Work_Software\Java\jdk8_64\jre\bin\server\jvm.dll
0x000007fef3f90000 - 0x000007fef3f99000 	C:\Windows\system32\WSOCK32.dll
0x000007feff290000 - 0x000007feff2dd000 	C:\Windows\system32\WS2_32.dll
0x000007feff210000 - 0x000007feff218000 	C:\Windows\system32\NSI.dll
0x000007fefb7e0000 - 0x000007fefb81b000 	C:\Windows\system32\WINMM.dll
0x000007fefc8b0000 - 0x000007fefc8bc000 	C:\Windows\system32\VERSION.dll
0x0000000077a10000 - 0x0000000077a17000 	C:\Windows\system32\PSAPI.DLL
0x00000000624b0000 - 0x00000000624bf000 	D:\Work_Software\Java\jdk8_64\jre\bin\verify.dll
0x0000000057510000 - 0x0000000057539000 	D:\Work_Software\Java\jdk8_64\jre\bin\java.dll
0x000000005c520000 - 0x000000005c536000 	D:\Work_Software\Java\jdk8_64\jre\bin\zip.dll
0x000007fefe160000 - 0x000007fefeee8000 	C:\Windows\system32\SHELL32.dll
0x000007fefdb60000 - 0x000007fefdd63000 	C:\Windows\system32\ole32.dll
0x000007fefd790000 - 0x000007fefd79f000 	C:\Windows\system32\profapi.dll
0x000000005bf70000 - 0x000000005bf8a000 	D:\Work_Software\Java\jdk8_64\jre\bin\net.dll
0x000007fefcfe0000 - 0x000007fefd035000 	C:\Windows\system32\mswsock.dll
0x000007fefcfd0000 - 0x000007fefcfd7000 	C:\Windows\System32\wship6.dll
0x00000000574f0000 - 0x0000000057501000 	D:\Work_Software\Java\jdk8_64\jre\bin\nio.dll
0x000007fef8cb0000 - 0x000007fef8cc2000 	C:\Users\CFOX\.gradle\native\19\windows-amd64\native-platform.dll
0x000007fefad30000 - 0x000007fefad57000 	C:\Windows\system32\IPHLPAPI.DLL
0x000007fefad20000 - 0x000007fefad2b000 	C:\Windows\system32\WINNSI.DLL
0x000007fefab10000 - 0x000007fefab21000 	C:\Windows\system32\dhcpcsvc6.DLL
0x000007fefab30000 - 0x000007fefab48000 	C:\Windows\system32\dhcpcsvc.DLL
0x000007fefd040000 - 0x000007fefd057000 	C:\Windows\system32\CRYPTSP.dll
0x000007fefcd40000 - 0x000007fefcd87000 	C:\Windows\system32\rsaenh.dll
0x000007fefcac0000 - 0x000007fefcade000 	C:\Windows\system32\USERENV.dll
0x000007fefd6c0000 - 0x000007fefd6cf000 	C:\Windows\system32\CRYPTBASE.dll
0x000007fefd660000 - 0x000007fefd6b7000 	C:\Windows\system32\apphelp.dll
0x0000000051330000 - 0x000000005133d000 	D:\Work_Software\Java\jdk8_64\jre\bin\management.dll

VM Arguments:
jvm_args: -XX:MaxPermSize=256m -XX:+HeapDumpOnOutOfMemoryError -Xmx1024m -Dfile.encoding=GBK -Duser.country=CN -Duser.language=zh -Duser.variant 
java_command: org.gradle.launcher.daemon.bootstrap.GradleDaemon 2.10
java_class_path (initial): C:\Users\CFOX\.gradle\wrapper\dists\gradle-2.10-all\a4w5fzrkeut1ox71xslb49gst\gradle-2.10\lib\gradle-launcher-2.10.jar
Launcher Type: SUN_STANDARD

Environment Variables:
JAVA_HOME=D:\Work_Software\Java\jdk8_64
CLASSPATH=.;D:\Work_Software\Java\jdk8_64\lib;D:\Work_Software\Java\jdk8_64\lib\tools.jar
PATH=C:\Program Files (x86)\AMD APP\bin\x86_64;C:\Program Files (x86)\AMD APP\bin\x86;C:\Windows\system32;C:\Windows;C:\Windows\System32\Wbem;C:\Windows\System32\WindowsPowerShell\v1.0\;C:\Program Files (x86)\Intel\Services\IPT\;C:\Program Files (x86)\ATI Technologies\ATI.ACE\Core-Static;C:\Program Files\ThinkPad\Bluetooth Software\;C:\Program Files\ThinkPad\Bluetooth Software\syswow64;C:\Program Files\Broadcom\WHL\;C:\Program Files\Broadcom\WHL\syswow64;C:\Program Files\Broadcom\WHL\SysWow64\;C:\Program Files\Broadcom\WHL\SysWow64\syswow64;C:\Program Files (x86)\Lenovo\Access Connections\;D:\Work_Software\VersionControl\GIT\cmd;D:\Work_Software\VersionControl\SVN\bin;F:\MySql\MySQL Server 5.0\bin;D:\Work_Software\Java\jdk8_64\bin;D:\Work_Software\MinGW\bin;ANDROID_HOME%\platform-tools;D:\Work_Software\SSHCline;%GRADLE_HOME%\bin;D:\Work_Software\Android_Studio\sdk\platform-tools;D:\Work_Software\apache-maven-3.3.9\bin;
USERNAME=CFOX
OS=Windows_NT
PROCESSOR_IDENTIFIER=Intel64 Family 6 Model 42 Stepping 7, GenuineIntel



---------------  S Y S T E M  ---------------

OS: Windows 7 , 64 bit Build 7601 (6.1.7601.17514)

CPU:total 4 (2 cores per cpu, 2 threads per core) family 6 model 42 stepping 7, cmov, cx8, fxsr, mmx, sse, sse2, sse3, ssse3, sse4.1, sse4.2, popcnt, avx, clmul, ht, tsc, tscinvbit

Memory: 4k page, physical 6200560k(222644k free), swap 7247292k(5268k free)

vm_info: Java HotSpot(TM) 64-Bit Server VM (25.77-b03) for windows-amd64 JRE (1.8.0_77-b03), built on Mar 20 2016 22:01:33 by "java_re" with MS VC++ 10.0 (VS2010)

time: Wed Aug 24 11:21:38 2016
elapsed time: 5204 seconds (0d 1h 26m 44s)

